<?xml version="1.0" encoding="UTF-8"?>
<testsuite name="StatementPrinterTests" tests="3" skipped="0" failures="0" errors="0" timestamp="2023-10-26T22:02:11" hostname="DESKTOP-ASAJG0E" time="0.863">
  <properties/>
  <testcase name="exampleStatementHTML()" classname="StatementPrinterTests" time="0.547"/>
  <testcase name="exampleStatement()" classname="StatementPrinterTests" time="0.164"/>
  <testcase name="exampleStatementCustomer()" classname="StatementPrinterTests" time="0.15"/>
  <system-out><![CDATA[]]></system-out>
  <system-err><![CDATA[]]></system-err>
</testsuite>
