<?xml version="1.0" encoding="UTF-8"?>
<testsuite name="StatementPrinterTests" tests="2" skipped="0" failures="0" errors="0" timestamp="2023-10-26T11:10:22" hostname="DESKTOP-ASAJG0E" time="0.402">
  <properties/>
  <testcase name="exampleStatement()" classname="StatementPrinterTests" time="0.385"/>
  <testcase name="statementWithNewPlayTypes()" classname="StatementPrinterTests" time="0.015"/>
  <system-out><![CDATA[]]></system-out>
  <system-err><![CDATA[]]></system-err>
</testsuite>
