<?xml version="1.0" encoding="UTF-8"?>
<testsuite name="StatementPrinterTests" tests="2" skipped="0" failures="0" errors="0" timestamp="2023-10-26T11:54:12" hostname="DESKTOP-ASAJG0E" time="0.45">
  <properties/>
  <testcase name="exampleStatement()" classname="StatementPrinterTests" time="0.431"/>
  <testcase name="statementWithNewPlayTypes()" classname="StatementPrinterTests" time="0.017"/>
  <system-out><![CDATA[]]></system-out>
  <system-err><![CDATA[]]></system-err>
</testsuite>
