<?xml version="1.0" encoding="UTF-8"?>
<testsuite name="StatementPrinterTests" tests="2" skipped="0" failures="0" errors="0" timestamp="2023-10-26T10:27:50" hostname="DESKTOP-ASAJG0E" time="0.393">
  <properties/>
  <testcase name="exampleStatement()" classname="StatementPrinterTests" time="0.379"/>
  <testcase name="statementWithNewPlayTypes()" classname="StatementPrinterTests" time="0.013"/>
  <system-out><![CDATA[]]></system-out>
  <system-err><![CDATA[]]></system-err>
</testsuite>
