<?xml version="1.0" encoding="UTF-8"?>
<testsuite name="StatementPrinterTests" tests="2" skipped="0" failures="0" errors="0" timestamp="2023-10-26T20:44:35" hostname="DESKTOP-ASAJG0E" time="0.724">
  <properties/>
  <testcase name="exampleStatement()" classname="StatementPrinterTests" time="0.547"/>
  <testcase name="exampleStatementCustomer()" classname="StatementPrinterTests" time="0.175"/>
  <system-out><![CDATA[]]></system-out>
  <system-err><![CDATA[]]></system-err>
</testsuite>
