<?xml version="1.0" encoding="UTF-8"?>
<testsuite name="StatementPrinterTests" tests="2" skipped="0" failures="0" errors="0" timestamp="2023-10-26T12:04:00" hostname="DESKTOP-ASAJG0E" time="0.695">
  <properties/>
  <testcase name="exampleStatement()" classname="StatementPrinterTests" time="0.637"/>
  <testcase name="statementWithNewPlayTypes()" classname="StatementPrinterTests" time="0.056"/>
  <system-out><![CDATA[]]></system-out>
  <system-err><![CDATA[]]></system-err>
</testsuite>
